# JRE version: OpenJDK Runtime Environment Temurin-21.0.10+7 (21.0.10+7) (build 21.0.10+7-LTS)
# Java VM: OpenJDK 64-Bit Server VM Temurin-21.0.10+7 (21.0.10+7-LTS, mixed mode, tiered, compressed oops, compressed class ptrs, parallel gc, windows-amd64)
GC Precious Log:
 CardTable entry size: 512
 CPUs: 12 total, 12 available
 Memory: 16309M
 Large Page Support: Disabled
 NUMA Support: Disabled
 Compressed Oops: Enabled (32-bit)
 Alignments: Space 512K, Generation 512K, Heap 2M
 Heap Min Capacity: 100M
 Heap Initial Capacity: 100M
 Heap Max Capacity: 2G
 Pre-touch: Disabled
 Parallel Workers: 10
Heap:
 PSYoungGen      total 2048K, used 1077K [0x00000000d5580000, 0x00000000d5980000, 0x0000000100000000)
  eden space 1536K, 41% used [0x00000000d5580000,0x00000000d56202f0,0x00000000d5700000)
  from space 512K, 85% used [0x00000000d5880000,0x00000000d58ed2e0,0x00000000d5900000)
  to   space 512K, 0% used [0x00000000d5900000,0x00000000d5900000,0x00000000d5980000)
 ParOldGen       total 225280K, used 225090K [0x0000000080000000, 0x000000008dc00000, 0x00000000d5580000)
  object space 225280K, 99% used [0x0000000080000000,0x000000008dbd08d8,0x000000008dc00000)
 Metaspace       used 75048K, committed 76544K, reserved 1179648K
  class space    used 7802K, committed 8384K, reserved 1048576K
GC Heap History (20 events):
Event: 21.668 GC heap before
{Heap before GC invocations=293 (full 3):
 PSYoungGen      total 2560K, used 1792K [0x00000000d5580000, 0x00000000d5980000, 0x0000000100000000)
  eden space 1536K, 100% used [0x00000000d5580000,0x00000000d5700000,0x00000000d5700000)
  from space 1024K, 25% used [0x00000000d5780000,0x00000000d57c0000,0x00000000d5880000)
  to   space 512K, 0% used [0x00000000d5900000,0x00000000d5900000,0x00000000d5980000)
 ParOldGen       total 223744K, used 223581K [0x0000000080000000, 0x000000008da80000, 0x00000000d5580000)
  object space 223744K, 99% used [0x0000000080000000,0x000000008da575c8,0x000000008da80000)
 Metaspace       used 74087K, committed 75584K, reserved 1179648K
  class space    used 7706K, committed 8320K, reserved 1048576K
}
Event: 21.668 GC heap after
{Heap after GC invocations=293 (full 3):
 PSYoungGen      total 2048K, used 224K [0x00000000d5580000, 0x00000000d5980000, 0x0000000100000000)
  eden space 1536K, 0% used [0x00000000d5580000,0x00000000d5580000,0x00000000d5700000)
  from space 512K, 43% used [0x00000000d5900000,0x00000000d5938000,0x00000000d5980000)
  to   space 512K, 0% used [0x00000000d5880000,0x00000000d5880000,0x00000000d5900000)
 ParOldGen       total 223744K, used 223637K [0x0000000080000000, 0x000000008da80000, 0x00000000d5580000)
  object space 223744K, 99% used [0x0000000080000000,0x000000008da655c8,0x000000008da80000)
 Metaspace       used 74087K, committed 75584K, reserved 1179648K
  class space    used 7706K, committed 8320K, reserved 1048576K
}
Event: 21.731 GC heap before
{Heap before GC invocations=294 (full 3):
 PSYoungGen      total 2048K, used 1760K [0x00000000d5580000, 0x00000000d5980000, 0x0000000100000000)
  eden space 1536K, 100% used [0x00000000d5580000,0x00000000d5700000,0x00000000d5700000)
  from space 512K, 43% used [0x00000000d5900000,0x00000000d5938000,0x00000000d5980000)
  to   space 512K, 0% used [0x00000000d5880000,0x00000000d5880000,0x00000000d5900000)
 ParOldGen       total 223744K, used 223637K [0x0000000080000000, 0x000000008da80000, 0x00000000d5580000)
  object space 223744K, 99% used [0x0000000080000000,0x000000008da655c8,0x000000008da80000)
 Metaspace       used 74120K, committed 75584K, reserved 1179648K
  class space    used 7706K, committed 8320K, reserved 1048576K
}
Event: 21.731 GC heap after
{Heap after GC invocations=294 (full 3):
 PSYoungGen      total 2048K, used 320K [0x00000000d5580000, 0x00000000d5980000, 0x0000000100000000)
  eden space 1536K, 0% used [0x00000000d5580000,0x00000000d5580000,0x00000000d5700000)
  from space 512K, 62% used [0x00000000d5880000,0x00000000d58d0000,0x00000000d5900000)
  to   space 512K, 0% used [0x00000000d5900000,0x00000000d5900000,0x00000000d5980000)
 ParOldGen       total 223744K, used 223669K [0x0000000080000000, 0x000000008da80000, 0x00000000d5580000)
  object space 223744K, 99% used [0x0000000080000000,0x000000008da6d5c8,0x000000008da80000)
 Metaspace       used 74120K, committed 75584K, reserved 1179648K
  class space    used 7706K, committed 8320K, reserved 1048576K
}
Event: 21.762 GC heap before
{Heap before GC invocations=295 (full 3):
 PSYoungGen      total 2048K, used 1854K [0x00000000d5580000, 0x00000000d5980000, 0x0000000100000000)
  eden space 1536K, 99% used [0x00000000d5580000,0x00000000d56ffbc8,0x00000000d5700000)
  from space 512K, 62% used [0x00000000d5880000,0x00000000d58d0000,0x00000000d5900000)
  to   space 512K, 0% used [0x00000000d5900000,0x00000000d5900000,0x00000000d5980000)
 ParOldGen       total 223744K, used 223669K [0x0000000080000000, 0x000000008da80000, 0x00000000d5580000)
  object space 223744K, 99% used [0x0000000080000000,0x000000008da6d5c8,0x000000008da80000)
 Metaspace       used 74285K, committed 75712K, reserved 1179648K
  class space    used 7727K, committed 8320K, reserved 1048576K
}
Event: 21.763 GC heap after
{Heap after GC invocations=295 (full 3):
 PSYoungGen      total 2048K, used 358K [0x00000000d5580000, 0x00000000d5980000, 0x0000000100000000)
  eden space 1536K, 0% used [0x00000000d5580000,0x00000000d5580000,0x00000000d5700000)
  from space 512K, 70% used [0x00000000d5900000,0x00000000d5959b40,0x00000000d5980000)
  to   space 512K, 0% used [0x00000000d5880000,0x00000000d5880000,0x00000000d5900000)
 ParOldGen       total 224256K, used 223781K [0x0000000080000000, 0x000000008db00000, 0x00000000d5580000)
  object space 224256K, 99% used [0x0000000080000000,0x000000008da895c8,0x000000008db00000)
 Metaspace       used 74285K, committed 75712K, reserved 1179648K
  class space    used 7727K, committed 8320K, reserved 1048576K
}
Event: 21.799 GC heap before
{Heap before GC invocations=296 (full 3):
 PSYoungGen      total 2048K, used 1894K [0x00000000d5580000, 0x00000000d5980000, 0x0000000100000000)
  eden space 1536K, 99% used [0x00000000d5580000,0x00000000d56fffc0,0x00000000d5700000)
  from space 512K, 70% used [0x00000000d5900000,0x00000000d5959b40,0x00000000d5980000)
  to   space 512K, 0% used [0x00000000d5880000,0x00000000d5880000,0x00000000d5900000)
 ParOldGen       total 224256K, used 223781K [0x0000000080000000, 0x000000008db00000, 0x00000000d5580000)
  object space 224256K, 99% used [0x0000000080000000,0x000000008da895c8,0x000000008db00000)
 Metaspace       used 74435K, committed 75904K, reserved 1179648K
  class space    used 7736K, committed 8320K, reserved 1048576K
}
Event: 21.800 GC heap after
{Heap after GC invocations=296 (full 3):
 PSYoungGen      total 2048K, used 352K [0x00000000d5580000, 0x00000000d5980000, 0x0000000100000000)
  eden space 1536K, 0% used [0x00000000d5580000,0x00000000d5580000,0x00000000d5700000)
  from space 512K, 68% used [0x00000000d5880000,0x00000000d58d8000,0x00000000d5900000)
  to   space 512K, 0% used [0x00000000d5900000,0x00000000d5900000,0x00000000d5980000)
 ParOldGen       total 224256K, used 223869K [0x0000000080000000, 0x000000008db00000, 0x00000000d5580000)
  object space 224256K, 99% used [0x0000000080000000,0x000000008da9f5c8,0x000000008db00000)
 Metaspace       used 74435K, committed 75904K, reserved 1179648K
  class space    used 7736K, committed 8320K, reserved 1048576K
}
Event: 21.842 GC heap before
{Heap before GC invocations=297 (full 3):
 PSYoungGen      total 2048K, used 1884K [0x00000000d5580000, 0x00000000d5980000, 0x0000000100000000)
  eden space 1536K, 99% used [0x00000000d5580000,0x00000000d56ff188,0x00000000d5700000)
  from space 512K, 68% used [0x00000000d5880000,0x00000000d58d8000,0x00000000d5900000)
  to   space 512K, 0% used [0x00000000d5900000,0x00000000d5900000,0x00000000d5980000)
 ParOldGen       total 224256K, used 223869K [0x0000000080000000, 0x000000008db00000, 0x00000000d5580000)
  object space 224256K, 99% used [0x0000000080000000,0x000000008da9f5c8,0x000000008db00000)
 Metaspace       used 74537K, committed 75968K, reserved 1179648K
  class space    used 7744K, committed 8320K, reserved 1048576K
}
Event: 21.843 GC heap after
{Heap after GC invocations=297 (full 3):
 PSYoungGen      total 2048K, used 256K [0x00000000d5580000, 0x00000000d5980000, 0x0000000100000000)
  eden space 1536K, 0% used [0x00000000d5580000,0x00000000d5580000,0x00000000d5700000)
  from space 512K, 50% used [0x00000000d5900000,0x00000000d5940000,0x00000000d5980000)
  to   space 512K, 0% used [0x00000000d5880000,0x00000000d5880000,0x00000000d5900000)
 ParOldGen       total 224256K, used 224069K [0x0000000080000000, 0x000000008db00000, 0x00000000d5580000)
  object space 224256K, 99% used [0x0000000080000000,0x000000008dad15c8,0x000000008db00000)
 Metaspace       used 74537K, committed 75968K, reserved 1179648K
  class space    used 7744K, committed 8320K, reserved 1048576K
}
Event: 21.871 GC heap before
{Heap before GC invocations=298 (full 3):
 PSYoungGen      total 2048K, used 1791K [0x00000000d5580000, 0x00000000d5980000, 0x0000000100000000)
  eden space 1536K, 99% used [0x00000000d5580000,0x00000000d56ffff0,0x00000000d5700000)
  from space 512K, 50% used [0x00000000d5900000,0x00000000d5940000,0x00000000d5980000)
  to   space 512K, 0% used [0x00000000d5880000,0x00000000d5880000,0x00000000d5900000)
 ParOldGen       total 224256K, used 224069K [0x0000000080000000, 0x000000008db00000, 0x00000000d5580000)
  object space 224256K, 99% used [0x0000000080000000,0x000000008dad15c8,0x000000008db00000)
 Metaspace       used 74705K, committed 76160K, reserved 1179648K
  class space    used 7761K, committed 8384K, reserved 1048576K
}
Event: 21.872 GC heap after
{Heap after GC invocations=298 (full 3):
 PSYoungGen      total 2048K, used 416K [0x00000000d5580000, 0x00000000d5980000, 0x0000000100000000)
  eden space 1536K, 0% used [0x00000000d5580000,0x00000000d5580000,0x00000000d5700000)
  from space 512K, 81% used [0x00000000d5880000,0x00000000d58e8020,0x00000000d5900000)
  to   space 512K, 0% used [0x00000000d5900000,0x00000000d5900000,0x00000000d5980000)
 ParOldGen       total 224256K, used 224157K [0x0000000080000000, 0x000000008db00000, 0x00000000d5580000)
  object space 224256K, 99% used [0x0000000080000000,0x000000008dae75c8,0x000000008db00000)
 Metaspace       used 74705K, committed 76160K, reserved 1179648K
  class space    used 7761K, committed 8384K, reserved 1048576K
}
Event: 21.886 GC heap before
{Heap before GC invocations=299 (full 3):
 PSYoungGen      total 2048K, used 1952K [0x00000000d5580000, 0x00000000d5980000, 0x0000000100000000)
  eden space 1536K, 100% used [0x00000000d5580000,0x00000000d5700000,0x00000000d5700000)
  from space 512K, 81% used [0x00000000d5880000,0x00000000d58e8020,0x00000000d5900000)
  to   space 512K, 0% used [0x00000000d5900000,0x00000000d5900000,0x00000000d5980000)
 ParOldGen       total 224256K, used 224157K [0x0000000080000000, 0x000000008db00000, 0x00000000d5580000)
  object space 224256K, 99% used [0x0000000080000000,0x000000008dae75c8,0x000000008db00000)
 Metaspace       used 74797K, committed 76352K, reserved 1179648K
  class space    used 7772K, committed 8384K, reserved 1048576K
}
Event: 21.887 GC heap after
{Heap after GC invocations=299 (full 3):
 PSYoungGen      total 2048K, used 256K [0x00000000d5580000, 0x00000000d5980000, 0x0000000100000000)
  eden space 1536K, 0% used [0x00000000d5580000,0x00000000d5580000,0x00000000d5700000)
  from space 512K, 50% used [0x00000000d5900000,0x00000000d5940000,0x00000000d5980000)
  to   space 512K, 0% used [0x00000000d5880000,0x00000000d5880000,0x00000000d5900000)
 ParOldGen       total 224768K, used 224386K [0x0000000080000000, 0x000000008db80000, 0x00000000d5580000)
  object space 224768K, 99% used [0x0000000080000000,0x000000008db208a8,0x000000008db80000)
 Metaspace       used 74797K, committed 76352K, reserved 1179648K
  class space    used 7772K, committed 8384K, reserved 1048576K
}
Event: 21.911 GC heap before
{Heap before GC invocations=300 (full 3):
 PSYoungGen      total 2048K, used 1775K [0x00000000d5580000, 0x00000000d5980000, 0x0000000100000000)
  eden space 1536K, 98% used [0x00000000d5580000,0x00000000d56fbe50,0x00000000d5700000)
  from space 512K, 50% used [0x00000000d5900000,0x00000000d5940000,0x00000000d5980000)
  to   space 512K, 0% used [0x00000000d5880000,0x00000000d5880000,0x00000000d5900000)
 ParOldGen       total 224768K, used 224386K [0x0000000080000000, 0x000000008db80000, 0x00000000d5580000)
  object space 224768K, 99% used [0x0000000080000000,0x000000008db208a8,0x000000008db80000)
 Metaspace       used 74853K, committed 76352K, reserved 1179648K
  class space    used 7778K, committed 8384K, reserved 1048576K
}
Event: 21.913 GC heap after
{Heap after GC invocations=300 (full 3):
 PSYoungGen      total 2048K, used 304K [0x00000000d5580000, 0x00000000d5980000, 0x0000000100000000)
  eden space 1536K, 0% used [0x00000000d5580000,0x00000000d5580000,0x00000000d5700000)
  from space 512K, 59% used [0x00000000d5880000,0x00000000d58cc010,0x00000000d5900000)
  to   space 512K, 0% used [0x00000000d5900000,0x00000000d5900000,0x00000000d5980000)
 ParOldGen       total 224768K, used 224514K [0x0000000080000000, 0x000000008db80000, 0x00000000d5580000)
  object space 224768K, 99% used [0x0000000080000000,0x000000008db408a8,0x000000008db80000)
 Metaspace       used 74853K, committed 76352K, reserved 1179648K
  class space    used 7778K, committed 8384K, reserved 1048576K
}
Event: 21.969 GC heap before
{Heap before GC invocations=301 (full 3):
 PSYoungGen      total 2048K, used 1840K [0x00000000d5580000, 0x00000000d5980000, 0x0000000100000000)
  eden space 1536K, 99% used [0x00000000d5580000,0x00000000d56ffff0,0x00000000d5700000)
  from space 512K, 59% used [0x00000000d5880000,0x00000000d58cc010,0x00000000d5900000)
  to   space 512K, 0% used [0x00000000d5900000,0x00000000d5900000,0x00000000d5980000)
 ParOldGen       total 224768K, used 224514K [0x0000000080000000, 0x000000008db80000, 0x00000000d5580000)
  object space 224768K, 99% used [0x0000000080000000,0x000000008db408a8,0x000000008db80000)
 Metaspace       used 74956K, committed 76480K, reserved 1179648K
  class space    used 7789K, committed 8384K, reserved 1048576K
}
Event: 21.970 GC heap after
{Heap after GC invocations=301 (full 3):
 PSYoungGen      total 2048K, used 288K [0x00000000d5580000, 0x00000000d5980000, 0x0000000100000000)
  eden space 1536K, 0% used [0x00000000d5580000,0x00000000d5580000,0x00000000d5700000)
  from space 512K, 56% used [0x00000000d5900000,0x00000000d5948000,0x00000000d5980000)
  to   space 512K, 0% used [0x00000000d5880000,0x00000000d5880000,0x00000000d5900000)
 ParOldGen       total 225280K, used 225034K [0x0000000080000000, 0x000000008dc00000, 0x00000000d5580000)
  object space 225280K, 99% used [0x0000000080000000,0x000000008dbc28d8,0x000000008dc00000)
 Metaspace       used 74956K, committed 76480K, reserved 1179648K
  class space    used 7789K, committed 8384K, reserved 1048576K
}
Event: 22.046 GC heap before
{Heap before GC invocations=302 (full 3):
 PSYoungGen      total 2048K, used 1824K [0x00000000d5580000, 0x00000000d5980000, 0x0000000100000000)
  eden space 1536K, 100% used [0x00000000d5580000,0x00000000d5700000,0x00000000d5700000)
  from space 512K, 56% used [0x00000000d5900000,0x00000000d5948000,0x00000000d5980000)
  to   space 512K, 0% used [0x00000000d5880000,0x00000000d5880000,0x00000000d5900000)
 ParOldGen       total 225280K, used 225034K [0x0000000080000000, 0x000000008dc00000, 0x00000000d5580000)
  object space 225280K, 99% used [0x0000000080000000,0x000000008dbc28d8,0x000000008dc00000)
 Metaspace       used 75027K, committed 76544K, reserved 1179648K
  class space    used 7799K, committed 8384K, reserved 1048576K
}
Event: 22.047 GC heap after
{Heap after GC invocations=302 (full 3):
 PSYoungGen      total 2048K, used 436K [0x00000000d5580000, 0x00000000d5980000, 0x0000000100000000)
  eden space 1536K, 0% used [0x00000000d5580000,0x00000000d5580000,0x00000000d5700000)
  from space 512K, 85% used [0x00000000d5880000,0x00000000d58ed2e0,0x00000000d5900000)
  to   space 512K, 0% used [0x00000000d5900000,0x00000000d5900000,0x00000000d5980000)
 ParOldGen       total 225280K, used 225090K [0x0000000080000000, 0x000000008dc00000, 0x00000000d5580000)
  object space 225280K, 99% used [0x0000000080000000,0x000000008dbd08d8,0x000000008dc00000)
 Metaspace       used 75027K, committed 76544K, reserved 1179648K
  class space    used 7799K, committed 8384K, reserved 1048576K
}

